{"/Users/goldbergyoni/solutions/practica/src/code-templates/libraries/request-context/index.ts": {"path":"/Users/goldbergyoni/solutions/practica/src/code-templates/libraries/request-context/index.ts","all":false,"statementMap":{"0":{"start":{"line":1,"column":0},"end":{"line":1,"column":40}},"1":{"start":{"line":2,"column":0},"end":{"line":2,"column":100}}},"s":{"0":1,"1":1},"branchMap":{"0":{"type":"branch","line":1,"loc":{"start":{"line":1,"column":9},"end":{"line":1,"column":40}},"locations":[{"start":{"line":1,"column":9},"end":{"line":1,"column":40}}]},"1":{"type":"branch","line":2,"loc":{"start":{"line":2,"column":9},"end":{"line":2,"column":54}},"locations":[{"start":{"line":2,"column":9},"end":{"line":2,"column":54}}]}},"b":{"0":[10],"1":[8]},"fnMap":{"0":{"name":"get","decl":{"start":{"line":1,"column":9},"end":{"line":1,"column":40}},"loc":{"start":{"line":1,"column":9},"end":{"line":1,"column":40}},"line":1},"1":{"name":"get","decl":{"start":{"line":2,"column":9},"end":{"line":2,"column":54}},"loc":{"start":{"line":2,"column":9},"end":{"line":2,"column":54}},"line":2}},"f":{"0":10,"1":8}}
,"/Users/goldbergyoni/solutions/practica/src/code-templates/libraries/request-context/.dist/index.js": {"path":"/Users/goldbergyoni/solutions/practica/src/code-templates/libraries/request-context/.dist/index.js","all":false,"statementMap":{"0":{"start":{"line":1,"column":0},"end":{"line":1,"column":13}},"1":{"start":{"line":2,"column":0},"end":{"line":2,"column":62}},"2":{"start":{"line":3,"column":0},"end":{"line":3,"column":65}},"3":{"start":{"line":4,"column":0},"end":{"line":4,"column":41}},"4":{"start":{"line":5,"column":0},"end":{"line":5,"column":112}},"5":{"start":{"line":6,"column":0},"end":{"line":6,"column":66}},"6":{"start":{"line":7,"column":0},"end":{"line":7,"column":142}}},"s":{"0":2,"1":2,"2":2,"3":2,"4":2,"5":2,"6":2},"branchMap":{"0":{"type":"branch","line":1,"loc":{"start":{"line":1,"column":0},"end":{"line":7,"column":142}},"locations":[{"start":{"line":1,"column":0},"end":{"line":7,"column":142}}]},"1":{"type":"branch","line":1,"loc":{"start":{"line":1,"column":0},"end":{"line":7,"column":142}},"locations":[{"start":{"line":1,"column":0},"end":{"line":7,"column":142}}]},"2":{"type":"branch","line":5,"loc":{"start":{"line":5,"column":67},"end":{"line":5,"column":108}},"locations":[{"start":{"line":5,"column":67},"end":{"line":5,"column":108}}]},"3":{"type":"branch","line":7,"loc":{"start":{"line":7,"column":89},"end":{"line":7,"column":138}},"locations":[{"start":{"line":7,"column":89},"end":{"line":7,"column":138}}]}},"b":{"0":[2],"1":[2],"2":[10],"3":[8]},"fnMap":{"0":{"name":"Object.<anonymous>","decl":{"start":{"line":1,"column":0},"end":{"line":7,"column":142}},"loc":{"start":{"line":1,"column":0},"end":{"line":7,"column":142}},"line":1},"1":{"name":"get","decl":{"start":{"line":5,"column":67},"end":{"line":5,"column":108}},"loc":{"start":{"line":5,"column":67},"end":{"line":5,"column":108}},"line":5},"2":{"name":"get","decl":{"start":{"line":7,"column":89},"end":{"line":7,"column":138}},"loc":{"start":{"line":7,"column":89},"end":{"line":7,"column":138}},"line":7}},"f":{"0":2,"1":10,"2":8}}
,"/Users/goldbergyoni/solutions/practica/src/code-templates/libraries/request-context/.dist/src/context.js": {"path":"/Users/goldbergyoni/solutions/practica/src/code-templates/libraries/request-context/.dist/src/context.js","all":false,"statementMap":{"0":{"start":{"line":1,"column":0},"end":{"line":1,"column":13}},"1":{"start":{"line":2,"column":0},"end":{"line":2,"column":62}},"2":{"start":{"line":3,"column":0},"end":{"line":3,"column":25}},"3":{"start":{"line":4,"column":0},"end":{"line":4,"column":55}},"4":{"start":{"line":5,"column":0},"end":{"line":5,"column":19}},"5":{"start":{"line":6,"column":0},"end":{"line":6,"column":20}},"6":{"start":{"line":7,"column":0},"end":{"line":7,"column":39}},"7":{"start":{"line":8,"column":0},"end":{"line":8,"column":68}},"8":{"start":{"line":9,"column":0},"end":{"line":9,"column":5}},"9":{"start":{"line":10,"column":0},"end":{"line":10,"column":26}},"10":{"start":{"line":11,"column":0},"end":{"line":11,"column":1}},"11":{"start":{"line":12,"column":0},"end":{"line":12,"column":26}}},"s":{"0":2,"1":2,"2":2,"3":2,"4":2,"5":25,"6":25,"7":2,"8":2,"9":25,"10":25,"11":2},"branchMap":{"0":{"type":"branch","line":1,"loc":{"start":{"line":1,"column":0},"end":{"line":12,"column":26}},"locations":[{"start":{"line":1,"column":0},"end":{"line":12,"column":26}}]},"1":{"type":"branch","line":1,"loc":{"start":{"line":1,"column":0},"end":{"line":12,"column":26}},"locations":[{"start":{"line":1,"column":0},"end":{"line":12,"column":26}}]},"2":{"type":"branch","line":6,"loc":{"start":{"line":6,"column":0},"end":{"line":11,"column":1}},"locations":[{"start":{"line":6,"column":0},"end":{"line":11,"column":1}}]},"3":{"type":"branch","line":7,"loc":{"start":{"line":7,"column":38},"end":{"line":9,"column":5}},"locations":[{"start":{"line":7,"column":38},"end":{"line":9,"column":5}}]}},"b":{"0":[2],"1":[2],"2":[25],"3":[2]},"fnMap":{"0":{"name":"Object.<anonymous>","decl":{"start":{"line":1,"column":0},"end":{"line":12,"column":26}},"loc":{"start":{"line":1,"column":0},"end":{"line":12,"column":26}},"line":1},"1":{"name":"context","decl":{"start":{"line":6,"column":0},"end":{"line":11,"column":1}},"loc":{"start":{"line":6,"column":0},"end":{"line":11,"column":1}},"line":6}},"f":{"0":2,"1":25}}
,"/Users/goldbergyoni/solutions/practica/src/code-templates/libraries/request-context/.dist/src/request-id/constant.js": {"path":"/Users/goldbergyoni/solutions/practica/src/code-templates/libraries/request-context/.dist/src/request-id/constant.js","all":false,"statementMap":{"0":{"start":{"line":1,"column":0},"end":{"line":1,"column":13}},"1":{"start":{"line":2,"column":0},"end":{"line":2,"column":62}},"2":{"start":{"line":3,"column":0},"end":{"line":3,"column":63}},"3":{"start":{"line":4,"column":0},"end":{"line":4,"column":35}},"4":{"start":{"line":5,"column":0},"end":{"line":5,"column":43}},"5":{"start":{"line":6,"column":0},"end":{"line":6,"column":30}},"6":{"start":{"line":7,"column":0},"end":{"line":7,"column":38}},"7":{"start":{"line":8,"column":0},"end":{"line":8,"column":1}},"8":{"start":{"line":9,"column":0},"end":{"line":9,"column":46}}},"s":{"0":2,"1":2,"2":2,"3":2,"4":2,"5":5,"6":5,"7":5,"8":2},"branchMap":{"0":{"type":"branch","line":1,"loc":{"start":{"line":1,"column":0},"end":{"line":9,"column":46}},"locations":[{"start":{"line":1,"column":0},"end":{"line":9,"column":46}}]},"1":{"type":"branch","line":1,"loc":{"start":{"line":1,"column":0},"end":{"line":9,"column":46}},"locations":[{"start":{"line":1,"column":0},"end":{"line":9,"column":46}}]},"2":{"type":"branch","line":6,"loc":{"start":{"line":6,"column":0},"end":{"line":8,"column":1}},"locations":[{"start":{"line":6,"column":0},"end":{"line":8,"column":1}}]}},"b":{"0":[2],"1":[2],"2":[5]},"fnMap":{"0":{"name":"Object.<anonymous>","decl":{"start":{"line":1,"column":0},"end":{"line":9,"column":46}},"loc":{"start":{"line":1,"column":0},"end":{"line":9,"column":46}},"line":1},"1":{"name":"generateRequestId","decl":{"start":{"line":6,"column":0},"end":{"line":8,"column":1}},"loc":{"start":{"line":6,"column":0},"end":{"line":8,"column":1}},"line":6}},"f":{"0":2,"1":5}}
,"/Users/goldbergyoni/solutions/practica/src/code-templates/libraries/request-context/.dist/src/request-id/express/middleware.js": {"path":"/Users/goldbergyoni/solutions/practica/src/code-templates/libraries/request-context/.dist/src/request-id/express/middleware.js","all":false,"statementMap":{"0":{"start":{"line":1,"column":0},"end":{"line":1,"column":13}},"1":{"start":{"line":2,"column":0},"end":{"line":2,"column":62}},"2":{"start":{"line":3,"column":0},"end":{"line":3,"column":30}},"3":{"start":{"line":4,"column":0},"end":{"line":4,"column":42}},"4":{"start":{"line":5,"column":0},"end":{"line":5,"column":43}},"5":{"start":{"line":6,"column":0},"end":{"line":6,"column":39}},"6":{"start":{"line":7,"column":0},"end":{"line":7,"column":62}},"7":{"start":{"line":8,"column":0},"end":{"line":8,"column":21}},"8":{"start":{"line":9,"column":0},"end":{"line":9,"column":56}},"9":{"start":{"line":10,"column":0},"end":{"line":10,"column":62}},"10":{"start":{"line":11,"column":0},"end":{"line":11,"column":5}},"11":{"start":{"line":12,"column":0},"end":{"line":12,"column":59}},"12":{"start":{"line":13,"column":0},"end":{"line":13,"column":63}},"13":{"start":{"line":14,"column":0},"end":{"line":14,"column":25}},"14":{"start":{"line":15,"column":0},"end":{"line":15,"column":45}},"15":{"start":{"line":16,"column":0},"end":{"line":16,"column":15}},"16":{"start":{"line":17,"column":0},"end":{"line":17,"column":15}},"17":{"start":{"line":18,"column":0},"end":{"line":18,"column":5}},"18":{"start":{"line":19,"column":0},"end":{"line":19,"column":54}},"19":{"start":{"line":20,"column":0},"end":{"line":20,"column":1}},"20":{"start":{"line":21,"column":0},"end":{"line":21,"column":36}}},"s":{"0":2,"1":2,"2":2,"3":2,"4":2,"5":8,"6":8,"7":8,"8":5,"9":5,"10":5,"11":8,"12":8,"13":8,"14":1,"15":1,"16":1,"17":1,"18":7,"19":8,"20":2},"branchMap":{"0":{"type":"branch","line":1,"loc":{"start":{"line":1,"column":0},"end":{"line":21,"column":36}},"locations":[{"start":{"line":1,"column":0},"end":{"line":21,"column":36}}]},"1":{"type":"branch","line":1,"loc":{"start":{"line":1,"column":0},"end":{"line":21,"column":36}},"locations":[{"start":{"line":1,"column":0},"end":{"line":21,"column":36}}]},"2":{"type":"branch","line":6,"loc":{"start":{"line":6,"column":0},"end":{"line":20,"column":1}},"locations":[{"start":{"line":6,"column":0},"end":{"line":20,"column":1}}]},"3":{"type":"branch","line":8,"loc":{"start":{"line":8,"column":20},"end":{"line":11,"column":5}},"locations":[{"start":{"line":8,"column":20},"end":{"line":11,"column":5}}]},"4":{"type":"branch","line":14,"loc":{"start":{"line":14,"column":24},"end":{"line":18,"column":5}},"locations":[{"start":{"line":14,"column":24},"end":{"line":18,"column":5}}]},"5":{"type":"branch","line":19,"loc":{"start":{"line":19,"column":-1},"end":{"line":20,"column":0}},"locations":[{"start":{"line":19,"column":-1},"end":{"line":20,"column":0}}]}},"b":{"0":[2],"1":[2],"2":[8],"3":[5],"4":[1],"5":[7]},"fnMap":{"0":{"name":"Object.<anonymous>","decl":{"start":{"line":1,"column":0},"end":{"line":21,"column":36}},"loc":{"start":{"line":1,"column":0},"end":{"line":21,"column":36}},"line":1},"1":{"name":"addRequestId","decl":{"start":{"line":6,"column":0},"end":{"line":20,"column":1}},"loc":{"start":{"line":6,"column":0},"end":{"line":20,"column":1}},"line":6}},"f":{"0":2,"1":8}}
,"/Users/goldbergyoni/solutions/practica/src/code-templates/libraries/request-context/src/context.ts": {"path":"/Users/goldbergyoni/solutions/practica/src/code-templates/libraries/request-context/src/context.ts","all":false,"statementMap":{"0":{"start":{"line":1,"column":0},"end":{"line":1,"column":53}},"1":{"start":{"line":2,"column":0},"end":{"line":2,"column":0}},"2":{"start":{"line":3,"column":0},"end":{"line":3,"column":47}},"3":{"start":{"line":4,"column":0},"end":{"line":4,"column":0}},"4":{"start":{"line":5,"column":0},"end":{"line":5,"column":58}},"5":{"start":{"line":6,"column":0},"end":{"line":6,"column":37}},"6":{"start":{"line":7,"column":0},"end":{"line":7,"column":48}},"7":{"start":{"line":8,"column":0},"end":{"line":8,"column":3}},"8":{"start":{"line":9,"column":0},"end":{"line":9,"column":0}},"9":{"start":{"line":10,"column":0},"end":{"line":10,"column":48}},"10":{"start":{"line":11,"column":0},"end":{"line":11,"column":1}}},"s":{"0":1,"1":1,"2":1,"3":1,"4":25,"5":25,"6":2,"7":2,"8":25,"9":25,"10":25},"branchMap":{"0":{"type":"branch","line":5,"loc":{"start":{"line":5,"column":0},"end":{"line":11,"column":1}},"locations":[{"start":{"line":5,"column":0},"end":{"line":11,"column":1}}]},"1":{"type":"branch","line":6,"loc":{"start":{"line":6,"column":36},"end":{"line":8,"column":3}},"locations":[{"start":{"line":6,"column":36},"end":{"line":8,"column":3}}]}},"b":{"0":[25],"1":[2]},"fnMap":{"0":{"name":"context","decl":{"start":{"line":5,"column":0},"end":{"line":11,"column":1}},"loc":{"start":{"line":5,"column":0},"end":{"line":11,"column":1}},"line":5}},"f":{"0":25}}
,"/Users/goldbergyoni/solutions/practica/src/code-templates/libraries/request-context/src/request-id/constant.ts": {"path":"/Users/goldbergyoni/solutions/practica/src/code-templates/libraries/request-context/src/request-id/constant.ts","all":false,"statementMap":{"0":{"start":{"line":1,"column":0},"end":{"line":1,"column":36}},"1":{"start":{"line":2,"column":0},"end":{"line":2,"column":0}},"2":{"start":{"line":3,"column":0},"end":{"line":3,"column":48}},"3":{"start":{"line":4,"column":0},"end":{"line":4,"column":0}},"4":{"start":{"line":5,"column":0},"end":{"line":5,"column":37}},"5":{"start":{"line":6,"column":0},"end":{"line":6,"column":22}},"6":{"start":{"line":7,"column":0},"end":{"line":7,"column":1}}},"s":{"0":1,"1":1,"2":1,"3":1,"4":5,"5":5,"6":5},"branchMap":{"0":{"type":"branch","line":5,"loc":{"start":{"line":5,"column":0},"end":{"line":7,"column":1}},"locations":[{"start":{"line":5,"column":0},"end":{"line":7,"column":1}}]}},"b":{"0":[5]},"fnMap":{"0":{"name":"generateRequestId","decl":{"start":{"line":5,"column":0},"end":{"line":7,"column":1}},"loc":{"start":{"line":5,"column":0},"end":{"line":7,"column":1}},"line":5}},"f":{"0":5}}
,"/Users/goldbergyoni/solutions/practica/src/code-templates/libraries/request-context/src/request-id/express/middleware.ts": {"path":"/Users/goldbergyoni/solutions/practica/src/code-templates/libraries/request-context/src/request-id/express/middleware.ts","all":false,"statementMap":{"0":{"start":{"line":1,"column":0},"end":{"line":1,"column":55}},"1":{"start":{"line":2,"column":0},"end":{"line":2,"column":67}},"2":{"start":{"line":3,"column":0},"end":{"line":3,"column":40}},"3":{"start":{"line":4,"column":0},"end":{"line":4,"column":0}},"4":{"start":{"line":5,"column":0},"end":{"line":5,"column":3}},"5":{"start":{"line":6,"column":0},"end":{"line":6,"column":38}},"6":{"start":{"line":7,"column":0},"end":{"line":7,"column":89}},"7":{"start":{"line":8,"column":0},"end":{"line":8,"column":34}},"8":{"start":{"line":9,"column":0},"end":{"line":9,"column":2}},"9":{"start":{"line":10,"column":0},"end":{"line":10,"column":54}},"10":{"start":{"line":11,"column":0},"end":{"line":11,"column":3}},"11":{"start":{"line":12,"column":0},"end":{"line":12,"column":29}},"12":{"start":{"line":13,"column":0},"end":{"line":13,"column":23}},"13":{"start":{"line":14,"column":0},"end":{"line":14,"column":22}},"14":{"start":{"line":15,"column":0},"end":{"line":15,"column":18}},"15":{"start":{"line":16,"column":0},"end":{"line":16,"column":3}},"16":{"start":{"line":17,"column":0},"end":{"line":17,"column":49}},"17":{"start":{"line":18,"column":0},"end":{"line":18,"column":0}},"18":{"start":{"line":19,"column":0},"end":{"line":19,"column":19}},"19":{"start":{"line":20,"column":0},"end":{"line":20,"column":36}},"20":{"start":{"line":21,"column":0},"end":{"line":21,"column":47}},"21":{"start":{"line":22,"column":0},"end":{"line":22,"column":3}},"22":{"start":{"line":23,"column":0},"end":{"line":23,"column":0}},"23":{"start":{"line":24,"column":0},"end":{"line":24,"column":46}},"24":{"start":{"line":25,"column":0},"end":{"line":25,"column":0}},"25":{"start":{"line":26,"column":0},"end":{"line":26,"column":46}},"26":{"start":{"line":27,"column":0},"end":{"line":27,"column":0}},"27":{"start":{"line":28,"column":0},"end":{"line":28,"column":23}},"28":{"start":{"line":29,"column":0},"end":{"line":29,"column":36}},"29":{"start":{"line":30,"column":0},"end":{"line":30,"column":41}},"30":{"start":{"line":31,"column":0},"end":{"line":31,"column":11}},"31":{"start":{"line":32,"column":0},"end":{"line":32,"column":11}},"32":{"start":{"line":33,"column":0},"end":{"line":33,"column":3}},"33":{"start":{"line":34,"column":0},"end":{"line":34,"column":0}},"34":{"start":{"line":35,"column":0},"end":{"line":35,"column":37}},"35":{"start":{"line":36,"column":0},"end":{"line":36,"column":1}}},"s":{"0":1,"1":1,"2":1,"3":1,"4":1,"5":1,"6":1,"7":1,"8":1,"9":1,"10":1,"11":8,"12":8,"13":8,"14":8,"15":8,"16":8,"17":8,"18":8,"19":5,"20":5,"21":5,"22":8,"23":8,"24":8,"25":8,"26":8,"27":8,"28":1,"29":1,"30":1,"31":1,"32":1,"33":7,"34":7,"35":7},"branchMap":{"0":{"type":"branch","line":12,"loc":{"start":{"line":12,"column":0},"end":{"line":36,"column":1}},"locations":[{"start":{"line":12,"column":0},"end":{"line":36,"column":1}}]},"1":{"type":"branch","line":19,"loc":{"start":{"line":19,"column":18},"end":{"line":22,"column":3}},"locations":[{"start":{"line":19,"column":18},"end":{"line":22,"column":3}}]},"2":{"type":"branch","line":28,"loc":{"start":{"line":28,"column":22},"end":{"line":33,"column":3}},"locations":[{"start":{"line":28,"column":22},"end":{"line":33,"column":3}}]},"3":{"type":"branch","line":34,"loc":{"start":{"line":34,"column":-1},"end":{"line":36,"column":1}},"locations":[{"start":{"line":34,"column":-1},"end":{"line":36,"column":1}}]}},"b":{"0":[8],"1":[5],"2":[1],"3":[7]},"fnMap":{"0":{"name":"addRequestId","decl":{"start":{"line":12,"column":0},"end":{"line":36,"column":1}},"loc":{"start":{"line":12,"column":0},"end":{"line":36,"column":1}},"line":12}},"f":{"0":8}}
}
