TN:
SF:index.ts
FN:1,get
FN:2,get
FNF:2
FNH:2
FNDA:10,get
FNDA:8,get
DA:1,1
DA:2,1
LF:2
LH:2
BRDA:1,0,0,10
BRDA:2,1,0,8
BRF:2
BRH:2
end_of_record
TN:
SF:.dist/index.js
FN:1,Object.<anonymous>
FN:5,get
FN:7,get
FNF:3
FNH:3
FNDA:2,Object.<anonymous>
FNDA:10,get
FNDA:8,get
DA:1,2
DA:2,2
DA:3,2
DA:4,2
DA:5,2
DA:6,2
DA:7,2
LF:7
LH:7
BRDA:1,0,0,2
BRDA:1,1,0,2
BRDA:5,2,0,10
BRDA:7,3,0,8
BRF:4
BRH:4
end_of_record
TN:
SF:.dist/src/context.js
FN:1,Object.<anonymous>
FN:6,context
FNF:2
FNH:2
FNDA:2,Object.<anonymous>
FNDA:25,context
DA:1,2
DA:2,2
DA:3,2
DA:4,2
DA:5,2
DA:6,25
DA:7,25
DA:8,2
DA:9,2
DA:10,25
DA:11,25
DA:12,2
LF:12
LH:12
BRDA:1,0,0,2
BRDA:1,1,0,2
BRDA:6,2,0,25
BRDA:7,3,0,2
BRF:4
BRH:4
end_of_record
TN:
SF:.dist/src/request-id/constant.js
FN:1,Object.<anonymous>
FN:6,generateRequestId
FNF:2
FNH:2
FNDA:2,Object.<anonymous>
FNDA:5,generateRequestId
DA:1,2
DA:2,2
DA:3,2
DA:4,2
DA:5,2
DA:6,5
DA:7,5
DA:8,5
DA:9,2
LF:9
LH:9
BRDA:1,0,0,2
BRDA:1,1,0,2
BRDA:6,2,0,5
BRF:3
BRH:3
end_of_record
TN:
SF:.dist/src/request-id/express/middleware.js
FN:1,Object.<anonymous>
FN:6,addRequestId
FNF:2
FNH:2
FNDA:2,Object.<anonymous>
FNDA:8,addRequestId
DA:1,2
DA:2,2
DA:3,2
DA:4,2
DA:5,2
DA:6,8
DA:7,8
DA:8,8
DA:9,5
DA:10,5
DA:11,5
DA:12,8
DA:13,8
DA:14,8
DA:15,1
DA:16,1
DA:17,1
DA:18,1
DA:19,7
DA:20,8
DA:21,2
LF:21
LH:21
BRDA:1,0,0,2
BRDA:1,1,0,2
BRDA:6,2,0,8
BRDA:8,3,0,5
BRDA:14,4,0,1
BRDA:19,5,0,7
BRF:6
BRH:6
end_of_record
TN:
SF:src/context.ts
FN:5,context
FNF:1
FNH:1
FNDA:25,context
DA:1,1
DA:2,1
DA:3,1
DA:4,1
DA:5,25
DA:6,25
DA:7,2
DA:8,2
DA:9,25
DA:10,25
DA:11,25
LF:11
LH:11
BRDA:5,0,0,25
BRDA:6,1,0,2
BRF:2
BRH:2
end_of_record
TN:
SF:src/request-id/constant.ts
FN:5,generateRequestId
FNF:1
FNH:1
FNDA:5,generateRequestId
DA:1,1
DA:2,1
DA:3,1
DA:4,1
DA:5,5
DA:6,5
DA:7,5
LF:7
LH:7
BRDA:5,0,0,5
BRF:1
BRH:1
end_of_record
TN:
SF:src/request-id/express/middleware.ts
FN:12,addRequestId
FNF:1
FNH:1
FNDA:8,addRequestId
DA:1,1
DA:2,1
DA:3,1
DA:4,1
DA:5,1
DA:6,1
DA:7,1
DA:8,1
DA:9,1
DA:10,1
DA:11,1
DA:12,8
DA:13,8
DA:14,8
DA:15,8
DA:16,8
DA:17,8
DA:18,8
DA:19,8
DA:20,5
DA:21,5
DA:22,5
DA:23,8
DA:24,8
DA:25,8
DA:26,8
DA:27,8
DA:28,8
DA:29,1
DA:30,1
DA:31,1
DA:32,1
DA:33,1
DA:34,7
DA:35,7
DA:36,7
LF:36
LH:36
BRDA:12,0,0,8
BRDA:19,1,0,5
BRDA:28,2,0,1
BRDA:34,3,0,7
BRF:4
BRH:4
end_of_record
