TN:
SF:config.ts
FNF:0
FNH:0
DA:1,1
DA:2,1
DA:3,1
DA:4,1
DA:5,1
DA:6,1
DA:7,1
DA:8,1
DA:9,1
DA:10,1
DA:11,1
DA:12,1
DA:13,1
DA:14,1
DA:15,1
DA:16,1
DA:17,1
DA:18,1
DA:19,1
DA:20,1
DA:21,1
DA:22,1
DA:23,1
DA:24,1
DA:25,1
DA:26,1
DA:27,1
DA:28,1
DA:29,1
DA:30,1
DA:31,1
DA:32,1
DA:33,1
DA:34,1
DA:35,1
DA:36,1
DA:37,1
DA:38,1
DA:39,1
DA:40,1
DA:41,1
DA:42,1
DA:43,1
DA:44,1
DA:45,1
DA:46,1
DA:47,1
DA:48,1
DA:49,1
DA:50,1
DA:51,1
DA:52,1
DA:53,1
DA:54,1
DA:55,1
DA:56,1
DA:57,1
DA:58,1
DA:59,1
DA:60,1
DA:61,1
DA:62,1
DA:63,1
DA:64,1
DA:65,1
DA:66,1
DA:67,1
DA:68,1
DA:69,1
DA:70,1
DA:71,1
DA:72,1
DA:73,1
DA:74,1
DA:75,1
DA:76,1
DA:77,1
DA:78,1
LF:78
LH:78
BRF:0
BRH:0
end_of_record
TN:
SF:data-access/order-repository.ts
FN:16,getOrderById
FN:29,addOrder
FN:35,deleteOrder
FN:39,cleanupData
FNF:4
FNH:3
FNDA:4,getOrderById
FNDA:4,addOrder
FNDA:1,deleteOrder
FNDA:0,cleanupData
DA:1,1
DA:2,1
DA:3,1
DA:4,1
DA:5,1
DA:6,1
DA:7,1
DA:8,1
DA:9,1
DA:10,1
DA:11,1
DA:12,1
DA:13,1
DA:14,1
DA:15,1
DA:16,1
DA:17,4
DA:18,4
DA:19,4
DA:20,4
DA:21,4
DA:22,4
DA:23,4
DA:24,4
DA:25,4
DA:26,4
DA:27,4
DA:28,1
DA:29,1
DA:30,4
DA:31,4
DA:32,4
DA:33,4
DA:34,1
DA:35,1
DA:36,1
DA:37,1
DA:38,1
DA:39,1
DA:40,0
DA:41,0
LF:41
LH:39
BRDA:16,0,0,4
BRDA:29,1,0,4
BRDA:35,2,0,1
BRF:3
BRH:3
end_of_record
TN:
SF:data-access/models/country-model.ts
FN:20,getCountryModel
FNF:1
FNH:1
FNDA:13,getCountryModel
DA:1,1
DA:2,1
DA:3,1
DA:4,1
DA:5,1
DA:6,1
DA:7,1
DA:8,1
DA:9,1
DA:10,1
DA:11,1
DA:12,1
DA:13,1
DA:14,1
DA:15,1
DA:16,1
DA:17,1
DA:18,1
DA:19,1
DA:20,13
DA:21,13
DA:22,13
DA:23,13
DA:24,13
DA:25,13
DA:26,13
DA:27,13
DA:28,13
DA:29,13
DA:30,13
DA:31,13
DA:32,13
DA:33,13
DA:34,13
DA:35,13
DA:36,13
DA:37,13
LF:37
LH:37
BRDA:20,0,0,13
BRF:1
BRH:1
end_of_record
TN:
SF:data-access/models/db-connection.ts
FN:8,getDbConnection
FN:18,logging
FNF:2
FNH:2
FNDA:22,getDbConnection
FNDA:9,logging
DA:1,1
DA:2,1
DA:3,1
DA:4,1
DA:5,1
DA:6,1
DA:7,1
DA:8,22
DA:9,22
DA:10,3
DA:11,3
DA:12,3
DA:13,3
DA:14,3
DA:15,3
DA:16,3
DA:17,3
DA:18,3
DA:19,9
DA:20,9
DA:21,9
DA:22,3
DA:23,3
DA:24,3
DA:25,3
DA:26,3
DA:27,3
DA:28,3
DA:29,3
DA:30,3
DA:31,3
DA:32,3
DA:33,22
DA:34,22
DA:35,22
LF:35
LH:35
BRDA:8,0,0,22
BRDA:9,1,0,3
BRDA:18,2,0,9
BRF:3
BRH:3
end_of_record
TN:
SF:data-access/models/order-model.ts
FN:25,getOrderModel
FNF:1
FNH:1
FNDA:9,getOrderModel
DA:1,1
DA:2,1
DA:3,1
DA:4,1
DA:5,1
DA:6,1
DA:7,1
DA:8,1
DA:9,1
DA:10,1
DA:11,1
DA:12,1
DA:13,1
DA:14,1
DA:15,1
DA:16,1
DA:17,1
DA:18,1
DA:19,1
DA:20,1
DA:21,1
DA:22,1
DA:23,1
DA:24,1
DA:25,9
DA:26,9
DA:27,9
DA:28,9
DA:29,9
DA:30,9
DA:31,9
DA:32,9
DA:33,9
DA:34,9
DA:35,9
DA:36,9
DA:37,9
DA:38,9
DA:39,9
DA:40,9
DA:41,9
DA:42,9
DA:43,9
DA:44,9
DA:45,9
DA:46,9
DA:47,9
DA:48,9
DA:49,9
DA:50,9
DA:51,9
DA:52,9
DA:53,9
DA:54,9
DA:55,9
DA:56,9
DA:57,9
DA:58,9
DA:59,9
DA:60,9
LF:60
LH:60
BRDA:25,0,0,9
BRF:1
BRH:1
end_of_record
TN:
SF:domain/new-order-use-case.ts
FN:9,addOrder
FN:23,deleteOrder
FN:27,getOrder
FNF:3
FNH:3
FNDA:6,addOrder
FNDA:1,deleteOrder
FNDA:4,getOrder
DA:1,1
DA:2,1
DA:3,1
DA:4,1
DA:5,1
DA:6,1
DA:7,1
DA:8,1
DA:9,1
DA:10,6
DA:11,6
DA:12,4
DA:13,4
DA:14,4
DA:15,4
DA:16,4
DA:17,4
DA:18,4
DA:19,4
DA:20,4
DA:21,4
DA:22,1
DA:23,1
DA:24,1
DA:25,1
DA:26,1
DA:27,1
DA:28,4
DA:29,4
LF:29
LH:29
BRDA:9,0,0,6
BRDA:12,1,0,4
BRDA:23,2,0,1
BRDA:27,3,0,4
BRF:4
BRH:4
end_of_record
TN:
SF:domain/order-schema.ts
FNF:0
FNH:0
DA:1,1
DA:2,1
DA:3,1
DA:4,1
DA:5,1
DA:6,1
DA:7,1
DA:8,1
DA:9,1
DA:10,1
DA:11,1
LF:11
LH:11
BRF:0
BRH:0
end_of_record
TN:
SF:domain/order-validators.ts
FN:6,assertNewOrderIsValid
FNF:1
FNH:1
FNDA:6,assertNewOrderIsValid
DA:1,1
DA:2,1
DA:3,1
DA:4,1
DA:5,1
DA:6,6
DA:7,6
DA:8,6
DA:9,6
DA:10,6
DA:11,3
DA:12,3
DA:13,3
DA:14,6
DA:15,6
DA:16,0
DA:17,0
DA:18,0
DA:19,0
DA:20,0
DA:21,0
DA:22,0
DA:23,6
DA:24,6
DA:25,1
DA:26,1
DA:27,6
LF:27
LH:20
BRDA:6,0,0,6
BRDA:10,1,0,3
BRDA:15,2,0,0
BRDA:24,3,0,1
BRF:4
BRH:3
end_of_record
TN:
SF:domain/payment-terms-service.ts
FN:2,determinePaymentTerms
FNF:1
FNH:1
FNDA:4,determinePaymentTerms
DA:1,1
DA:2,4
DA:3,4
DA:4,4
DA:5,4
DA:6,1
DA:7,1
LF:7
LH:7
BRDA:2,0,0,4
BRDA:4,1,0,0
BRF:2
BRH:1
end_of_record
TN:
SF:domain/user-service-client.ts
FN:4,assertUserExists
FN:8,validateStatus
FNF:2
FNH:2
FNDA:5,assertUserExists
FNDA:5,validateStatus
DA:1,1
DA:2,1
DA:3,1
DA:4,1
DA:5,5
DA:6,5
DA:7,5
DA:8,5
DA:9,5
DA:10,5
DA:11,5
DA:12,1
DA:13,1
DA:14,1
DA:15,1
DA:16,1
DA:17,1
DA:18,1
DA:19,5
DA:20,5
DA:21,5
LF:21
LH:21
BRDA:4,0,0,5
BRDA:11,1,0,1
BRDA:8,2,0,5
BRF:3
BRH:3
end_of_record
TN:
SF:entry-points/api/routes.ts
FN:6,defineRoutes
FNF:1
FNH:1
FNDA:3,defineRoutes
DA:1,1
DA:2,1
DA:3,1
DA:4,1
DA:5,1
DA:6,3
DA:7,3
DA:8,3
DA:9,3
DA:10,6
DA:11,6
DA:12,6
DA:13,6
DA:14,6
DA:15,6
DA:16,6
DA:17,6
DA:18,2
DA:19,2
DA:20,2
DA:21,3
DA:22,3
DA:23,3
DA:24,3
DA:25,4
DA:26,4
DA:27,4
DA:28,4
DA:29,4
DA:30,4
DA:31,4
DA:32,2
DA:33,2
DA:34,2
DA:35,2
DA:36,2
DA:37,4
DA:38,0
DA:39,0
DA:40,3
DA:41,3
DA:42,3
DA:43,3
DA:44,1
DA:45,1
DA:46,1
DA:47,3
DA:48,3
DA:49,3
DA:50,3
LF:50
LH:48
BRDA:6,0,0,3
BRDA:9,1,0,6
BRDA:17,2,0,2
BRDA:24,3,0,4
BRDA:31,4,0,2
BRDA:37,5,0,0
BRDA:43,6,0,1
BRF:7
BRH:6
end_of_record
TN:
SF:entry-points/api/server.ts
FN:16,startWebServer
FN:43,stopWebServer
FN:53,openConnection
FN:68,defineErrorHandlingMiddleware
FNF:4
FNH:4
FNDA:3,startWebServer
FNDA:3,stopWebServer
FNDA:3,openConnection
FNDA:3,defineErrorHandlingMiddleware
DA:1,1
DA:2,1
DA:3,1
DA:4,1
DA:5,1
DA:6,1
DA:7,1
DA:8,1
DA:9,1
DA:10,1
DA:11,1
DA:12,1
DA:13,1
DA:14,1
DA:15,1
DA:16,3
DA:17,3
DA:18,3
DA:19,3
DA:20,3
DA:21,3
DA:22,3
DA:23,3
DA:24,3
DA:25,3
DA:26,3
DA:27,3
DA:28,3
DA:29,3
DA:30,3
DA:31,3
DA:32,3
DA:33,3
DA:34,3
DA:35,3
DA:36,3
DA:37,3
DA:38,3
DA:39,3
DA:40,3
DA:41,3
DA:42,1
DA:43,3
DA:44,3
DA:45,3
DA:46,3
DA:47,0
DA:48,3
DA:49,3
DA:50,3
DA:51,3
DA:52,1
DA:53,3
DA:54,3
DA:55,3
DA:56,3
DA:57,3
DA:58,3
DA:59,3
DA:60,3
DA:61,3
DA:62,3
DA:63,3
DA:64,3
DA:65,3
DA:66,3
DA:67,1
DA:68,3
DA:69,3
DA:70,3
DA:71,2
DA:72,2
DA:73,2
DA:74,2
DA:75,2
DA:76,2
DA:77,2
DA:78,2
DA:79,2
DA:80,2
DA:81,0
DA:82,0
DA:83,2
DA:84,2
DA:85,2
DA:86,2
DA:87,2
DA:88,3
DA:89,3
DA:90,1
DA:91,1
LF:91
LH:88
BRDA:16,0,0,3
BRDA:43,1,0,3
BRDA:44,2,0,3
BRDA:53,3,0,3
BRDA:56,4,0,3
BRDA:61,5,0,3
BRDA:68,6,0,3
BRDA:70,7,0,2
BRDA:80,8,0,0
BRDA:86,9,0,0
BRF:10
BRH:8
end_of_record
TN:
SF:test/test-helpers.ts
FN:4,getAxiosInstance
FN:16,signValidTokenWithDefaultUser
FN:20,signValidToken
FN:24,signExpiredToken
FN:28,internalSignTokenSynchronously
FNF:5
FNH:2
FNDA:0,getAxiosInstance
FNDA:3,signValidTokenWithDefaultUser
FNDA:0,signValidToken
FNDA:0,signExpiredToken
FNDA:3,internalSignTokenSynchronously
DA:1,1
DA:2,1
DA:3,1
DA:4,1
DA:5,0
DA:6,0
DA:7,0
DA:8,0
DA:9,0
DA:10,0
DA:11,0
DA:12,0
DA:13,0
DA:14,0
DA:15,1
DA:16,3
DA:17,3
DA:18,3
DA:19,1
DA:20,0
DA:21,0
DA:22,0
DA:23,1
DA:24,0
DA:25,0
DA:26,0
DA:27,1
DA:28,3
DA:29,3
DA:30,3
DA:31,3
DA:32,3
DA:33,3
DA:34,3
DA:35,3
DA:36,3
DA:37,3
DA:38,3
DA:39,3
DA:40,3
DA:41,3
DA:42,1
DA:43,1
LF:43
LH:27
BRDA:16,0,0,3
BRDA:28,1,0,3
BRF:2
BRH:2
end_of_record
